proguard.cfg

#-optimizationpasses 5

#When not preverifing in a case-insensitive filing system, such as Windows. This tool will unpack your processed jars,(if using windows you should then use):
-dontusemixedcaseclassnames

#Specifies not to ignore non-public library classes. As of version 4.5, this is the default setting
-dontskipnonpubliclibraryclasses

# Optimization is turned off by default. Dex does not like code run
# through the ProGuard optimize and preverify steps (and performs some
# of these optimizations on its own).    
-dontoptimize
-dontpreverify

-dontwarn android.support.**

#Specifies to write out some more information during processing. If the program terminates with an exception, this option will print out the entire stack trace, instead of just the exception message.
-verbose

#The -optimizations option disables some arithmetic simplifications that Dalvik 1.0 and 1.5 can't handle. Note that the Dalvik VM also can't handle aggressive overloading (of static fields).
#To understand or change this check http://proguard.sourceforge.net/index.html#/manual/optimizations.html
#-optimizations !code/simplification/arithmetic,!field/*,!class/merging/*

# Note that if you want to enable optimization, you cannot just
# include optimization flags in your own project configuration file;
# instead you will need to point to the
# "proguard-android-optimize.txt" file instead of this one from your
# project.properties file.

#To repackage classes on a single package
#-repackageclasses ''

#Uncomment if using annotations to keep them.
#-keepattributes *Annotation*

#Keep classes that are referenced on the AndroidManifest
-keep public class * extends android.app.Activity
-keep public class * extends android.app.Application
-keep public class * extends android.app.Service
-keep public class * extends android.content.BroadcastReceiver
-keep public class * extends android.content.ContentProvider
-keep public class * extends android.app.backup.BackupAgentHelper
-keep public class * extends android.preference.Preference
-keep public class * extends android.app.Context
-keep public class * extends com.android.cloudcovermusic.**
-keep public class * extends com.android.cloudcovermusic.json.**
-keep public class * extends com.android.cloudcovermusic.model.**
-keep public class * extends com.android.cloudcovermusic.receiver.**
-keep public class * extends com.android.cloudcovermusic.service.**
-keep public class * extends com.android.cloudcovermusic.utils.**

-keepclassmembers class * extends com.android.cloudcovermusic.CCMApplication{
 public <init>(android.content.Context);
}

-keepclassmembers class * {
   public void *(android.view.View);
}

#Compatibility library 
-keep public class * extends android.support.v4.app.Fragment
-keep public class * extends android.app.Fragment

#To maintain custom components names that are used on layouts XML.
#Uncomment if having any problem with the approach below
#-keep public class custom.components.package.and.name.**

# keep setters in Views so that animations can still work.
# see http://proguard.sourceforge.net/manual/examples.html#beans
 -keepclassmembers public class * extends android.view.View {
  void set*(***);
  *** get*();
}

#To remove debug logs:
-assumenosideeffects class android.util.Log {
    public static *** d(...);
    public static *** v(...);
    public static *** w(...);
}

#To avoid changing names of methods invoked on layout's onClick.
# Uncomment and add specific method names if using onClick on layouts
#-keepclassmembers class * {
# public void onClickButton(android.view.View);
#}

#Maintain java native methods 
-keepclasseswithmembernames class * {
    native <methods>;
}


#To maintain custom components names that are used on layouts XML:
-keep public class * extends android.view.View {
    public <init>(android.content.Context);
}
-keep public class * extends android.view.View {
    public <init>(android.content.Context, android.util.AttributeSet);
}
-keep public class * extends android.view.View {
    public <init>(android.content.Context, android.util.AttributeSet, int);
}

#Maintain enums
-keepclassmembers enum * {
    public static **[] values();
    public static ** valueOf(java.lang.String);
}

#To keep parcelable classes (to serialize - deserialize objects to sent through Intents)
-keep class * implements android.os.Parcelable {
  public static final android.os.Parcelable$Creator *;
}

# Add the path to the jar
-libraryjars libs/gson-2.2.4.jar
-libraryjars libs/appblade-framework.jar

# Add the gson class
-keep public class com.google.gson.**
-keep class com.appblade.** { *; } 
-dontwarn com.appblade.**


-keep class com.google.gson.stream.** { *; }
-keep class com.google.gson.com.android.cloudcovermusic.model.** { *; }
-keep class com.google.gson.com.android.cloudcovermusic.json.** { *; }

-keepattributes Signature


# Gson specific classes
-keep class sun.misc.Unsafe { *; }
#-keep class com.google.gson.stream.** { *; }


#Keep the R
-keepclassmembers class **.R$* {
    public static <fields>;
}