proguard/seeds.txt
com.cloudcovermusic.ccm.CCMApplication
com.cloudcovermusic.ccm.CCMApplication: CCMApplication()
com.cloudcovermusic.ccm.CCMForgotPwd
com.cloudcovermusic.ccm.CCMForgotPwd: CCMForgotPwd()
com.cloudcovermusic.ccm.CCMForgotPwd$1: void onClick(android.view.View)
com.cloudcovermusic.ccm.CCMForgotPwd$2: void onClick(android.view.View)
com.cloudcovermusic.ccm.CCMForgotPwd$3: void onClick(android.view.View)
com.cloudcovermusic.ccm.CCMForgotPwd$5: void onClick(android.view.View)
com.cloudcovermusic.ccm.CCMHelp
com.cloudcovermusic.ccm.CCMHelp: CCMHelp()
com.cloudcovermusic.ccm.CCMLogin
com.cloudcovermusic.ccm.CCMLogin: CCMLogin()
com.cloudcovermusic.ccm.CCMLogin$2: void onClick(android.view.View)
com.cloudcovermusic.ccm.CCMLogin$3: void onClick(android.view.View)
com.cloudcovermusic.ccm.CCMLogin$4: void onClick(android.view.View)
com.cloudcovermusic.ccm.CCMPlayer
com.cloudcovermusic.ccm.CCMPlayer: CCMPlayer()
com.cloudcovermusic.ccm.CCMPlayer: void onDrawerClosed(android.view.View)
com.cloudcovermusic.ccm.CCMPlayer: void onDrawerOpened(android.view.View)
com.cloudcovermusic.ccm.CCMPlayer$1: void onClick(android.view.View)
com.cloudcovermusic.ccm.CCMPlayer$2: void onClick(android.view.View)
com.cloudcovermusic.ccm.CCMPlayer$3: void onClick(android.view.View)
com.cloudcovermusic.ccm.CCMPlayer$4: void onClick(android.view.View)
com.cloudcovermusic.ccm.CCMPlayer$5: void onClick(android.view.View)
com.cloudcovermusic.ccm.CCMPlayer$6: void onClick(android.view.View)
com.cloudcovermusic.ccm.CCMPlayer$7: void onClick(android.view.View)
com.cloudcovermusic.ccm.CCMPlayer$8: void onClick(android.view.View)
com.cloudcovermusic.ccm.CCMPolicyTerms
com.cloudcovermusic.ccm.CCMPolicyTerms: CCMPolicyTerms()
com.cloudcovermusic.ccm.CCMSettingActivity
com.cloudcovermusic.ccm.CCMSettingActivity: CCMSettingActivity()
com.cloudcovermusic.ccm.R$color: int ccm_action_button_backgroud_default
com.cloudcovermusic.ccm.R$color: int ccm_action_button_backgroud_disabled
com.cloudcovermusic.ccm.R$color: int ccm_action_button_backgroud_hover
com.cloudcovermusic.ccm.R$color: int ccm_cancel_text_color
com.cloudcovermusic.ccm.R$color: int ccm_error_bar_background
com.cloudcovermusic.ccm.R$color: int ccm_help_header_color
com.cloudcovermusic.ccm.R$color: int ccm_login_button_background
com.cloudcovermusic.ccm.R$color: int ccm_login_edit_fields_bg_border
com.cloudcovermusic.ccm.R$color: int ccm_login_password_email_text_color
com.cloudcovermusic.ccm.R$color: int ccm_login_translucent_background
com.cloudcovermusic.ccm.R$color: int ccm_login_username_text_color
com.cloudcovermusic.ccm.R$color: int ccm_need_help_text_color
com.cloudcovermusic.ccm.R$color: int ccm_player_action_bg_border
com.cloudcovermusic.ccm.R$color: int ccm_player_action_text_color
com.cloudcovermusic.ccm.R$color: int ccm_player_drawer_content_bg
com.cloudcovermusic.ccm.R$color: int ccm_player_drawer_header
com.cloudcovermusic.ccm.R$color: int ccm_player_track_translucent_background
com.cloudcovermusic.ccm.R$color: int ccm_pressed_state_color
com.cloudcovermusic.ccm.R$color: int ccm_seekbar_color
com.cloudcovermusic.ccm.R$color: int ccm_translucent_background
...
com.appblade.framework.updates.DownloadProgressDialog
com.appblade.framework.updates.DownloadProgressDialog: DownloadProgressDialog(android.app.Activity)
com.appblade.framework.updates.DownloadProgressDialog$DownloadProgressDelegate
com.appblade.framework.updates.DownloadProgressDialog$DownloadProgressDelegate: void showProgress()
com.appblade.framework.updates.DownloadProgressDialog$DownloadProgressDelegate: void updateProgress(int)
com.appblade.framework.updates.DownloadProgressDialog$DownloadProgressDelegate: void dismissProgress()
com.appblade.framework.updates.DownloadProgressDialog$DownloadProgressDelegate: void setOnCancelListener(android.content.DialogInterface$OnCancelListener)
com.appblade.framework.updates.UpdateTask
com.appblade.framework.updates.UpdateTask: android.app.Activity taskActivity
com.appblade.framework.updates.UpdateTask: com.appblade.framework.updates.DownloadProgressDialog progressDialog
com.appblade.framework.updates.UpdateTask: boolean requireAuthCredentials
com.appblade.framework.updates.UpdateTask: boolean promptDownloadConfirm
com.appblade.framework.updates.UpdateTask: UpdateTask(android.app.Activity,boolean,boolean)
com.appblade.framework.updates.UpdateTask: void showProgress()
com.appblade.framework.updates.UpdateTask: void updateProgress(int)
com.appblade.framework.updates.UpdateTask: void dismissProgress()
com.appblade.framework.updates.UpdateTask: void setOnCancelListener(android.content.DialogInterface$OnCancelListener)
com.appblade.framework.updates.UpdateTask: void publishProgress(java.lang.Integer[])
com.appblade.framework.updates.UpdateTask: void onPreExecute()
com.appblade.framework.updates.UpdateTask: java.lang.Void doInBackground(java.lang.Void[])
com.appblade.framework.updates.UpdateTask: void handleResponse(org.apache.http.HttpResponse)
com.appblade.framework.updates.UpdateTask: java.lang.Object doInBackground(java.lang.Object[])
com.appblade.framework.updates.UpdateTask$1
com.appblade.framework.updates.UpdateTask$1: com.appblade.framework.updates.UpdateTask this$0
com.appblade.framework.updates.UpdateTask$1: UpdateTask$1(com.appblade.framework.updates.UpdateTask)
com.appblade.framework.updates.UpdateTask$1: void run()
com.appblade.framework.updates.UpdateTask$2
com.appblade.framework.updates.UpdateTask$2: com.appblade.framework.updates.UpdateTask this$0
com.appblade.framework.updates.UpdateTask$2: UpdateTask$2(com.appblade.framework.updates.UpdateTask)
com.appblade.framework.updates.UpdateTask$2: void run()
com.appblade.framework.updates.UpdatesHelper
com.appblade.framework.updates.UpdatesHelper: android.app.AlertDialog updateDialog
com.appblade.framework.updates.UpdatesHelper: com.appblade.framework.updates.UpdateTask updateTask
com.appblade.framework.updates.UpdatesHelper: java.lang.Thread downloadThread
com.appblade.framework.updates.UpdatesHelper: int NotificationNewVersionDownloading
com.appblade.framework.updates.UpdatesHelper: java.lang.String APK_MIMETYPE
com.appblade.framework.updates.UpdatesHelper: java.lang.String PrefsKey
com.appblade.framework.updates.UpdatesHelper: java.lang.String PrefsKeyTTL
com.appblade.framework.updates.UpdatesHelper: java.lang.String PrefsKeyTTLUpdated
com.appblade.framework.updates.UpdatesHelper: java.lang.Long ttl
com.appblade.framework.updates.UpdatesHelper: java.lang.Long ttlLastUpdated
com.appblade.framework.updates.UpdatesHelper: int MillisPerHour
com.appblade.framework.updates.UpdatesHelper: int MillisPerDay
com.appblade.framework.updates.UpdatesHelper: boolean isCanceled
com.appblade.framework.updates.UpdatesHelper: void <clinit>()
com.appblade.framework.updates.UpdatesHelper: UpdatesHelper()
com.appblade.framework.updates.UpdatesHelper: void checkForUpdate(android.app.Activity,boolean)
com.appblade.framework.updates.UpdatesHelper: void checkForUpdateWithTimeout(android.app.Activity,boolean)
com.appblade.framework.updates.UpdatesHelper: boolean shouldUpdate(android.app.Activity,boolean)