proguard/mapping.txt
com.cloudcovermusic.ccm.CCMApplication -> com.cloudcovermusic.ccm.CCMApplication:
    java.lang.String TAG -> g
    com.android.cloudcovermusic.model.CCMLinkedList sCachedTracks -> a
    boolean sIsSessionOngoing -> b
    int sSkipCount -> c
    boolean sIsPhoneRinging -> d
    boolean sIsError -> e
    boolean isSkipMessageShown -> f
    void onCreate() -> onCreate
    void registerToAppBlade() -> d
    boolean cacheTrack(com.android.cloudcovermusic.model.Track) -> a
    com.android.cloudcovermusic.model.Track getCachedTrack() -> a
    void removeCachedTrack() -> b
    void clearCachedTracks() -> c
com.cloudcovermusic.ccm.CCMForgotPwd -> com.cloudcovermusic.ccm.CCMForgotPwd:
    java.lang.String TAG -> f
    android.widget.EditText mUsername -> a
    android.widget.EditText mEmailId -> b
    android.widget.Button mSubmit -> c
    java.lang.String mAuthToken -> g
    android.content.SharedPreferences mPref -> h
    android.app.Dialog mDialog -> i
    android.widget.LinearLayout mHelp -> j
    android.graphics.Typeface mRobotoRegular -> d
    android.graphics.Typeface mRobotoBold -> e
    android.widget.TextView mBottonSignInText -> k
    android.widget.TextView mBottonNeedHelpText -> l
    android.widget.TextView mTittle -> m
    void onCreate(android.os.Bundle) -> onCreate
    void init() -> a
    boolean editTextValidate(java.lang.String) -> a
    com.android.cloudcovermusic.utils.ServerUtilities$ResponseData sendForgotPasswordRequest(java.lang.String,java.lang.String) -> a
    void showDialog(java.lang.String) -> b
    java.lang.String access$0() -> b
    android.app.Dialog access$1(com.cloudcovermusic.ccm.CCMForgotPwd) -> a
com.cloudcovermusic.ccm.CCMForgotPwd$1 -> com.cloudcovermusic.ccm.a:
    com.cloudcovermusic.ccm.CCMForgotPwd this$0 -> a
    void onClick(android.view.View) -> onClick
com.cloudcovermusic.ccm.CCMForgotPwd$2 -> com.cloudcovermusic.ccm.b:
    com.cloudcovermusic.ccm.CCMForgotPwd this$0 -> a
    void onClick(android.view.View) -> onClick
com.cloudcovermusic.ccm.CCMForgotPwd$3 -> com.cloudcovermusic.ccm.c:
    com.cloudcovermusic.ccm.CCMForgotPwd this$0 -> a
    void onClick(android.view.View) -> onClick
com.cloudcovermusic.ccm.CCMForgotPwd$4 -> com.cloudcovermusic.ccm.d:
    com.cloudcovermusic.ccm.CCMForgotPwd this$0 -> a
    java.lang.CharSequence filter(java.lang.CharSequence,int,int,android.text.Spanned,int,int) -> filter
com.cloudcovermusic.ccm.CCMForgotPwd$5 -> com.cloudcovermusic.ccm.e:
    com.cloudcovermusic.ccm.CCMForgotPwd this$0 -> a
    void onClick(android.view.View) -> onClick
com.cloudcovermusic.ccm.CCMForgotPwd$ForgotPasswordTaskAsync -> com.cloudcovermusic.ccm.f:
    java.lang.String mUsername -> a
    java.lang.String mEmail -> b
    java.lang.String mUserAuthenticationToken -> c
    android.app.ProgressDialog asyncDialog -> d
    com.cloudcovermusic.ccm.CCMForgotPwd this$0 -> e
    void onPreExecute() -> onPreExecute
    java.lang.String doInBackground(java.lang.Void[]) -> a
    void onPostExecute(java.lang.String) -> a
    void onPostExecute(java.lang.Object) -> onPostExecute
    java.lang.Object doInBackground(java.lang.Object[]) -> doInBackground
com.cloudcovermusic.ccm.CCMHelp -> com.cloudcovermusic.ccm.CCMHelp:
    java.lang.String TAG -> c
    android.widget.TextView mHelpText -> d
    android.widget.TextView mHelpTitle -> e
    android.graphics.Typeface mRobotoRegular -> a
    android.graphics.Typeface mRobotoBold -> b
    void onCreate(android.os.Bundle) -> onCreate
    void init() -> a
    void bindDataToViews() -> b
...
com.appblade.framework.updates.UpdatesHelper$4$1 -> com.appblade.framework.updates.UpdatesHelper$4$1:
    com.appblade.framework.updates.UpdatesHelper$4 this$1 -> this$1
    android.app.Activity val$activity -> val$activity
    org.json.JSONObject val$update -> val$update
    com.appblade.framework.updates.DownloadProgressDialog$DownloadProgressDelegate val$delegate -> val$delegate
    void onClick(android.content.DialogInterface,int) -> onClick
com.appblade.framework.updates.UpdatesHelper$4$1$1 -> com.appblade.framework.updates.UpdatesHelper$4$1$1:
    com.appblade.framework.updates.UpdatesHelper$4$1 this$2 -> this$2
    android.app.Activity val$activity -> val$activity
    org.json.JSONObject val$update -> val$update
    com.appblade.framework.updates.DownloadProgressDialog$DownloadProgressDelegate val$delegate -> val$delegate
    void run() -> run
com.appblade.framework.updates.UpdatesHelper$4$2 -> com.appblade.framework.updates.UpdatesHelper$4$2:
    com.appblade.framework.updates.UpdatesHelper$4 this$1 -> this$1
    void onDismiss(android.content.DialogInterface) -> onDismiss
com.appblade.framework.updates.UpdatesHelper$5 -> com.appblade.framework.updates.UpdatesHelper$5:
    void onCancel(android.content.DialogInterface) -> onCancel
com.appblade.framework.updates.UpdatesHelper$6 -> com.appblade.framework.updates.UpdatesHelper$6:
    android.app.Activity val$context -> val$context
    org.json.JSONObject val$update -> val$update
    void run() -> run
com.appblade.framework.updates.UpdatesHelper$6$1 -> com.appblade.framework.updates.UpdatesHelper$6$1:
    com.appblade.framework.updates.UpdatesHelper$6 this$1 -> this$1
    android.app.Activity val$context -> val$context
    void onClick(android.content.DialogInterface,int) -> onClick
com.appblade.framework.updates.UpdatesHelper$6$2 -> com.appblade.framework.updates.UpdatesHelper$6$2:
    com.appblade.framework.updates.UpdatesHelper$6 this$1 -> this$1
    android.app.Activity val$context -> val$context
    org.json.JSONObject val$update -> val$update
    void onClick(android.content.DialogInterface,int) -> onClick
com.appblade.framework.updates.UpdatesHelper$6$3 -> com.appblade.framework.updates.UpdatesHelper$6$3:
    com.appblade.framework.updates.UpdatesHelper$6 this$1 -> this$1
    void onDismiss(android.content.DialogInterface) -> onDismiss
com.appblade.framework.updates.UpdatesHelper$7 -> com.appblade.framework.updates.UpdatesHelper$7:
    android.app.Activity val$activity -> val$activity
    java.io.File val$file -> val$file
    void run() -> run
com.appblade.framework.updates.UpdatesHelper$7$1 -> com.appblade.framework.updates.UpdatesHelper$7$1:
    com.appblade.framework.updates.UpdatesHelper$7 this$1 -> this$1
    java.io.File val$file -> val$file
    android.app.Activity val$activity -> val$activity
    void onClick(android.content.DialogInterface,int) -> onClick
com.appblade.framework.updates.UpdatesHelper$7$2 -> com.appblade.framework.updates.UpdatesHelper$7$2:
    com.appblade.framework.updates.UpdatesHelper$7 this$1 -> this$1
    void onClick(android.content.DialogInterface,int) -> onClick
com.appblade.framework.updates.UpdatesHelper$7$3 -> com.appblade.framework.updates.UpdatesHelper$7$3:
    com.appblade.framework.updates.UpdatesHelper$7 this$1 -> this$1
    void onDismiss(android.content.DialogInterface) -> onDismiss