proguard/usage.txt
com.cloudcovermusic.ccm.BannerController
com.cloudcovermusic.ccm.BuildConfig
com.cloudcovermusic.ccm.CCMApplication:
    public static final int MAX_TRACKS_TO_CACHE
com.cloudcovermusic.ccm.CCMForgotPwd:
    277:277:java.lang.String parseResult(android.content.Context,com.android.cloudcovermusic.utils.ServerUtilities$ResponseData)
com.cloudcovermusic.ccm.CCMHelp:
    public static final int NEED_HELP_TYPE_LOGIN
    public static final int NEED_HELP_TYPE_PLAYER
com.cloudcovermusic.ccm.CCMLogin:
    504:511:protected com.android.cloudcovermusic.utils.ServerUtilities$ResponseData validateCredentials(java.lang.String,java.lang.String)
com.cloudcovermusic.ccm.CCMPlayer:
    private static final int SERVICE_POLL_TIME_IN_MILLIS
    private static final int RETRY_NEXT_TRACK_STARTING_INTERVAL
    1311:1312:void getNextTrack()
com.cloudcovermusic.ccm.MyExceptionHandler
com.cloudcovermusic.ccm.R
com.cloudcovermusic.ccm.R$attr
com.cloudcovermusic.ccm.R$color
com.cloudcovermusic.ccm.R$dimen
com.cloudcovermusic.ccm.R$drawable
com.cloudcovermusic.ccm.R$id
com.cloudcovermusic.ccm.R$layout
com.cloudcovermusic.ccm.R$string
com.cloudcovermusic.ccm.R$style
com.cloudcovermusic.ccm.R$xml
...
android.support.v4.view.accessibility.AccessibilityManagerCompat$AccessibilityManagerVersionImpl
android.support.v4.view.accessibility.AccessibilityManagerCompat$AccessibilityStateChangeListenerCompat
android.support.v4.view.accessibility.AccessibilityManagerCompatIcs
android.support.v4.view.accessibility.AccessibilityManagerCompatIcs$1
android.support.v4.view.accessibility.AccessibilityManagerCompatIcs$AccessibilityStateChangeListenerBridge
android.support.v4.view.accessibility.AccessibilityNodeInfoCompat:
    public static final int ACTION_FOCUS
    public static final int ACTION_CLEAR_FOCUS
    public static final int ACTION_SELECT
    public static final int ACTION_CLEAR_SELECTION
    public static final int ACTION_CLICK
    public static final int ACTION_LONG_CLICK
    public static final int ACTION_ACCESSIBILITY_FOCUS
    public static final int ACTION_CLEAR_ACCESSIBILITY_FOCUS
    public static final int ACTION_NEXT_AT_MOVEMENT_GRANULARITY
    public static final int ACTION_PREVIOUS_AT_MOVEMENT_GRANULARITY
    public static final int ACTION_NEXT_HTML_ELEMENT
    public static final int ACTION_PREVIOUS_HTML_ELEMENT
    public static final int ACTION_SCROLL_FORWARD
    public static final int ACTION_SCROLL_BACKWARD
    public static final java.lang.String ACTION_ARGUMENT_MOVEMENT_GRANULARITY_INT
    public static final java.lang.String ACTION_ARGUMENT_HTML_ELEMENT_STRING
    public static final int FOCUS_INPUT
    public static final int FOCUS_ACCESSIBILITY
    public static final int MOVEMENT_GRANULARITY_CHARACTER
    public static final int MOVEMENT_GRANULARITY_WORD
    public static final int MOVEMENT_GRANULARITY_LINE
    public static final int MOVEMENT_GRANULARITY_PARAGRAPH
    public static final int MOVEMENT_GRANULARITY_PAGE
    949:949:public static android.support.v4.view.accessibility.AccessibilityNodeInfoCompat obtain(android.view.View)
android.support.v4.view.accessibility.AccessibilityNodeInfoCompat$AccessibilityNodeInfoIcsImpl:
    402:402:public java.lang.Object obtain()
    407:407:public java.lang.Object obtain(android.view.View)
    427:427:public java.util.List findAccessibilityNodeInfosByText(java.lang.Object,java.lang.String)
    447:447:public java.lang.Object getChild(java.lang.Object,int)
    452:452:public int getChildCount(java.lang.Object)
    472:472:public java.lang.Object getParent(java.lang.Object)
    477:477:public java.lang.CharSequence getText(java.lang.Object)
    482:482:public int getWindowId(java.lang.Object)
    487:487:public boolean isCheckable(java.lang.Object)
    492:492:public boolean isChecked(java.lang.Object)
    522:522:public boolean isPassword(java.lang.Object)
    527:527:public boolean isScrollable(java.lang.Object)
    537:537:public boolean performAction(java.lang.Object,int)
    552:553:public void setCheckable(java.lang.Object,boolean)
    557:558:public void setChecked(java.lang.Object,boolean)
    607:608:public void setPassword(java.lang.Object,boolean)
    627:628:public void setText(java.lang.Object,java.lang.CharSequence)